[0.101s] DEBUG:colcon:Command line arguments: ['/usr/bin/colcon', 'build', '--symlink-install']
[0.101s] DEBUG:colcon:Parsed command line arguments: Namespace(log_base=None, log_level=None, verb_name='build', build_base='build', install_base='install', merge_install=False, symlink_install=True, test_result_base=None, continue_on_error=False, executor='parallel', parallel_workers=8, event_handlers=None, ignore_user_meta=False, metas=['./colcon.meta'], base_paths=['.'], packages_ignore=None, packages_ignore_regex=None, paths=None, packages_up_to=None, packages_up_to_regex=None, packages_above=None, packages_above_and_dependencies=None, packages_above_depth=None, packages_select_by_dep=None, packages_skip_by_dep=None, packages_skip_up_to=None, packages_select_build_failed=False, packages_skip_build_finished=False, packages_select_test_failures=False, packages_skip_test_passed=False, packages_select=None, packages_skip=None, packages_select_regex=None, packages_skip_regex=None, packages_start=None, packages_end=None, allow_overriding=[], cmake_args=None, cmake_target=None, cmake_target_skip_unavailable=False, cmake_clean_cache=False, cmake_clean_first=False, cmake_force_configure=False, ament_cmake_args=None, catkin_cmake_args=None, catkin_skip_building_tests=False, verb_parser=<colcon_defaults.argument_parser.defaults.DefaultArgumentsDecorator object at 0x78754ea07a30>, verb_extension=<colcon_core.verb.build.BuildVerb object at 0x78754ea07520>, main=<bound method BuildVerb.main of <colcon_core.verb.build.BuildVerb object at 0x78754ea07520>>)
[0.243s] Level 1:colcon.colcon_core.package_discovery:discover_packages(colcon_meta) check parameters
[0.243s] Level 1:colcon.colcon_core.package_discovery:discover_packages(recursive) check parameters
[0.243s] Level 1:colcon.colcon_core.package_discovery:discover_packages(ignore) check parameters
[0.243s] Level 1:colcon.colcon_core.package_discovery:discover_packages(path) check parameters
[0.243s] Level 1:colcon.colcon_core.package_discovery:discover_packages(colcon_meta) discover
[0.243s] Level 1:colcon.colcon_core.package_discovery:discover_packages(recursive) discover
[0.243s] INFO:colcon.colcon_core.package_discovery:Crawling recursively for packages in '/home/jcb/dev_ws/articubot_one'
[0.243s] Level 1:colcon.colcon_core.package_identification:_identify(.) by extensions ['ignore', 'ignore_ament_install']
[0.243s] Level 1:colcon.colcon_core.package_identification:_identify(.) by extension 'ignore'
[0.244s] Level 1:colcon.colcon_core.package_identification:_identify(.) by extension 'ignore_ament_install'
[0.244s] Level 1:colcon.colcon_core.package_identification:_identify(.) by extensions ['colcon_pkg']
[0.244s] Level 1:colcon.colcon_core.package_identification:_identify(.) by extension 'colcon_pkg'
[0.244s] Level 1:colcon.colcon_core.package_identification:_identify(.) by extensions ['colcon_meta']
[0.244s] Level 1:colcon.colcon_core.package_identification:_identify(.) by extension 'colcon_meta'
[0.244s] Level 1:colcon.colcon_core.package_identification:_identify(.) by extensions ['ros']
[0.244s] Level 1:colcon.colcon_core.package_identification:_identify(.) by extension 'ros'
[0.262s] DEBUG:colcon.colcon_core.package_identification:Package '.' with type 'ros.ament_cmake' and name 'articubot_one'
[0.262s] Level 1:colcon.colcon_core.package_discovery:discover_packages(recursive) using defaults
[0.262s] Level 1:colcon.colcon_core.package_discovery:discover_packages(ignore) discover
[0.262s] Level 1:colcon.colcon_core.package_discovery:discover_packages(ignore) using defaults
[0.262s] Level 1:colcon.colcon_core.package_discovery:discover_packages(path) discover
[0.262s] Level 1:colcon.colcon_core.package_discovery:discover_packages(path) using defaults
[0.281s] Level 1:colcon.colcon_core.package_discovery:discover_packages(prefix_path) check parameters
[0.281s] Level 1:colcon.colcon_core.package_discovery:discover_packages(prefix_path) discover
[0.283s] DEBUG:colcon.colcon_installed_package_information.package_discovery:Found 270 installed packages in /opt/ros/humble
[0.284s] Level 1:colcon.colcon_core.package_discovery:discover_packages(prefix_path) using defaults
[0.332s] Level 5:colcon.colcon_core.verb:set package 'articubot_one' build argument 'cmake_args' from command line to 'None'
[0.332s] Level 5:colcon.colcon_core.verb:set package 'articubot_one' build argument 'cmake_target' from command line to 'None'
[0.332s] Level 5:colcon.colcon_core.verb:set package 'articubot_one' build argument 'cmake_target_skip_unavailable' from command line to 'False'
[0.332s] Level 5:colcon.colcon_core.verb:set package 'articubot_one' build argument 'cmake_clean_cache' from command line to 'False'
[0.332s] Level 5:colcon.colcon_core.verb:set package 'articubot_one' build argument 'cmake_clean_first' from command line to 'False'
[0.332s] Level 5:colcon.colcon_core.verb:set package 'articubot_one' build argument 'cmake_force_configure' from command line to 'False'
[0.332s] Level 5:colcon.colcon_core.verb:set package 'articubot_one' build argument 'ament_cmake_args' from command line to 'None'
[0.332s] Level 5:colcon.colcon_core.verb:set package 'articubot_one' build argument 'catkin_cmake_args' from command line to 'None'
[0.332s] Level 5:colcon.colcon_core.verb:set package 'articubot_one' build argument 'catkin_skip_building_tests' from command line to 'False'
[0.332s] DEBUG:colcon.colcon_core.verb:Building package 'articubot_one' with the following arguments: {'ament_cmake_args': None, 'build_base': '/home/jcb/dev_ws/articubot_one/build/articubot_one', 'catkin_cmake_args': None, 'catkin_skip_building_tests': False, 'cmake_args': None, 'cmake_clean_cache': False, 'cmake_clean_first': False, 'cmake_force_configure': False, 'cmake_target': None, 'cmake_target_skip_unavailable': False, 'install_base': '/home/jcb/dev_ws/articubot_one/install/articubot_one', 'merge_install': False, 'path': '/home/jcb/dev_ws/articubot_one', 'symlink_install': True, 'test_result_base': None}
[0.332s] INFO:colcon.colcon_core.executor:Executing jobs using 'parallel' executor
[0.333s] DEBUG:colcon.colcon_parallel_executor.executor.parallel:run_until_complete
[0.333s] INFO:colcon.colcon_ros.task.ament_cmake.build:Building ROS package in '/home/jcb/dev_ws/articubot_one' with build type 'ament_cmake'
[0.333s] INFO:colcon.colcon_cmake.task.cmake.build:Building CMake package in '/home/jcb/dev_ws/articubot_one'
[0.335s] INFO:colcon.colcon_core.plugin_system:Skipping extension 'colcon_core.shell.bat': Not used on non-Windows systems
[0.335s] INFO:colcon.colcon_core.shell:Skip shell extension 'powershell' for command environment: Not usable outside of PowerShell
[0.335s] DEBUG:colcon.colcon_core.shell:Skip shell extension 'dsv' for command environment
[0.342s] DEBUG:colcon.colcon_core.event_handler.log_command:Invoking command in '/home/jcb/dev_ws/articubot_one/build/articubot_one': CMAKE_PREFIX_PATH=/opt/ros/humble /usr/bin/cmake /home/jcb/dev_ws/articubot_one -DAMENT_CMAKE_SYMLINK_INSTALL=1 -DCMAKE_INSTALL_PREFIX=/home/jcb/dev_ws/articubot_one/install/articubot_one
[1.295s] DEBUG:colcon.colcon_core.event_handler.log_command:Invoked command in '/home/jcb/dev_ws/articubot_one/build/articubot_one' returned '0': CMAKE_PREFIX_PATH=/opt/ros/humble /usr/bin/cmake /home/jcb/dev_ws/articubot_one -DAMENT_CMAKE_SYMLINK_INSTALL=1 -DCMAKE_INSTALL_PREFIX=/home/jcb/dev_ws/articubot_one/install/articubot_one
[1.297s] DEBUG:colcon.colcon_core.event_handler.log_command:Invoking command in '/home/jcb/dev_ws/articubot_one/build/articubot_one': CMAKE_PREFIX_PATH=/opt/ros/humble /usr/bin/cmake --build /home/jcb/dev_ws/articubot_one/build/articubot_one -- -j8 -l8
[1.329s] DEBUG:colcon.colcon_core.event_handler.log_command:Invoked command in '/home/jcb/dev_ws/articubot_one/build/articubot_one' returned '0': CMAKE_PREFIX_PATH=/opt/ros/humble /usr/bin/cmake --build /home/jcb/dev_ws/articubot_one/build/articubot_one -- -j8 -l8
[1.355s] DEBUG:colcon.colcon_core.event_handler.log_command:Invoking command in '/home/jcb/dev_ws/articubot_one/build/articubot_one': CMAKE_PREFIX_PATH=/opt/ros/humble /usr/bin/cmake --install /home/jcb/dev_ws/articubot_one/build/articubot_one
[1.995s] Level 1:colcon.colcon_core.environment:create_environment_scripts_only(articubot_one)
[1.995s] DEBUG:colcon.colcon_core.event_handler.log_command:Invoked command in '/home/jcb/dev_ws/articubot_one/build/articubot_one' returned '0': CMAKE_PREFIX_PATH=/opt/ros/humble /usr/bin/cmake --install /home/jcb/dev_ws/articubot_one/build/articubot_one
[1.997s] Level 1:colcon.colcon_core.environment:checking '/home/jcb/dev_ws/articubot_one/install/articubot_one' for CMake module files
[1.998s] Level 1:colcon.colcon_core.environment:checking '/home/jcb/dev_ws/articubot_one/install/articubot_one' for CMake config files
[1.998s] Level 1:colcon.colcon_core.shell:create_environment_hook('articubot_one', 'cmake_prefix_path')
[1.998s] INFO:colcon.colcon_core.shell:Creating environment hook '/home/jcb/dev_ws/articubot_one/install/articubot_one/share/articubot_one/hook/cmake_prefix_path.ps1'
[1.999s] INFO:colcon.colcon_core.shell:Creating environment descriptor '/home/jcb/dev_ws/articubot_one/install/articubot_one/share/articubot_one/hook/cmake_prefix_path.dsv'
[1.999s] INFO:colcon.colcon_core.shell:Creating environment hook '/home/jcb/dev_ws/articubot_one/install/articubot_one/share/articubot_one/hook/cmake_prefix_path.sh'
[2.000s] Level 1:colcon.colcon_core.environment:checking '/home/jcb/dev_ws/articubot_one/install/articubot_one/bin'
[2.000s] Level 1:colcon.colcon_core.environment:checking '/home/jcb/dev_ws/articubot_one/install/articubot_one/lib/pkgconfig/articubot_one.pc'
[2.000s] Level 1:colcon.colcon_core.environment:checking '/home/jcb/dev_ws/articubot_one/install/articubot_one/lib/python3.10/site-packages'
[2.001s] Level 1:colcon.colcon_core.environment:checking '/home/jcb/dev_ws/articubot_one/install/articubot_one/bin'
[2.001s] INFO:colcon.colcon_core.shell:Creating package script '/home/jcb/dev_ws/articubot_one/install/articubot_one/share/articubot_one/package.ps1'
[2.002s] INFO:colcon.colcon_core.shell:Creating package descriptor '/home/jcb/dev_ws/articubot_one/install/articubot_one/share/articubot_one/package.dsv'
[2.002s] INFO:colcon.colcon_core.shell:Creating package script '/home/jcb/dev_ws/articubot_one/install/articubot_one/share/articubot_one/package.sh'
[2.003s] INFO:colcon.colcon_core.shell:Creating package script '/home/jcb/dev_ws/articubot_one/install/articubot_one/share/articubot_one/package.bash'
[2.003s] INFO:colcon.colcon_core.shell:Creating package script '/home/jcb/dev_ws/articubot_one/install/articubot_one/share/articubot_one/package.zsh'
[2.004s] Level 1:colcon.colcon_core.environment:create_file_with_runtime_dependencies(/home/jcb/dev_ws/articubot_one/install/articubot_one/share/colcon-core/packages/articubot_one)
[2.022s] Level 1:colcon.colcon_core.environment:create_environment_scripts_only(articubot_one)
[2.022s] Level 1:colcon.colcon_core.environment:checking '/home/jcb/dev_ws/articubot_one/install/articubot_one' for CMake module files
[2.022s] Level 1:colcon.colcon_core.environment:checking '/home/jcb/dev_ws/articubot_one/install/articubot_one' for CMake config files
[2.023s] Level 1:colcon.colcon_core.shell:create_environment_hook('articubot_one', 'cmake_prefix_path')
[2.023s] INFO:colcon.colcon_core.shell:Creating environment hook '/home/jcb/dev_ws/articubot_one/install/articubot_one/share/articubot_one/hook/cmake_prefix_path.ps1'
[2.023s] INFO:colcon.colcon_core.shell:Creating environment descriptor '/home/jcb/dev_ws/articubot_one/install/articubot_one/share/articubot_one/hook/cmake_prefix_path.dsv'
[2.024s] INFO:colcon.colcon_core.shell:Creating environment hook '/home/jcb/dev_ws/articubot_one/install/articubot_one/share/articubot_one/hook/cmake_prefix_path.sh'
[2.024s] Level 1:colcon.colcon_core.environment:checking '/home/jcb/dev_ws/articubot_one/install/articubot_one/bin'
[2.024s] Level 1:colcon.colcon_core.environment:checking '/home/jcb/dev_ws/articubot_one/install/articubot_one/lib/pkgconfig/articubot_one.pc'
[2.024s] Level 1:colcon.colcon_core.environment:checking '/home/jcb/dev_ws/articubot_one/install/articubot_one/lib/python3.10/site-packages'
[2.025s] Level 1:colcon.colcon_core.environment:checking '/home/jcb/dev_ws/articubot_one/install/articubot_one/bin'
[2.025s] INFO:colcon.colcon_core.shell:Creating package script '/home/jcb/dev_ws/articubot_one/install/articubot_one/share/articubot_one/package.ps1'
[2.025s] INFO:colcon.colcon_core.shell:Creating package descriptor '/home/jcb/dev_ws/articubot_one/install/articubot_one/share/articubot_one/package.dsv'
[2.026s] INFO:colcon.colcon_core.shell:Creating package script '/home/jcb/dev_ws/articubot_one/install/articubot_one/share/articubot_one/package.sh'
[2.026s] INFO:colcon.colcon_core.shell:Creating package script '/home/jcb/dev_ws/articubot_one/install/articubot_one/share/articubot_one/package.bash'
[2.026s] INFO:colcon.colcon_core.shell:Creating package script '/home/jcb/dev_ws/articubot_one/install/articubot_one/share/articubot_one/package.zsh'
[2.027s] Level 1:colcon.colcon_core.environment:create_file_with_runtime_dependencies(/home/jcb/dev_ws/articubot_one/install/articubot_one/share/colcon-core/packages/articubot_one)
[2.027s] DEBUG:colcon.colcon_parallel_executor.executor.parallel:closing loop
[2.027s] DEBUG:colcon.colcon_parallel_executor.executor.parallel:loop closed
[2.027s] DEBUG:colcon.colcon_parallel_executor.executor.parallel:run_until_complete finished with '0'
[2.027s] DEBUG:colcon.colcon_core.event_reactor:joining thread
[2.032s] INFO:colcon.colcon_core.plugin_system:Skipping extension 'colcon_notification.desktop_notification.terminal_notifier': Not used on non-Darwin systems
[2.032s] INFO:colcon.colcon_core.plugin_system:Skipping extension 'colcon_notification.desktop_notification.win32': Not used on non-Windows systems
[2.032s] INFO:colcon.colcon_notification.desktop_notification:Sending desktop notification using 'notify2'
[2.046s] DEBUG:colcon.colcon_core.event_reactor:joined thread
[2.046s] INFO:colcon.colcon_core.shell:Creating prefix script '/home/jcb/dev_ws/articubot_one/install/local_setup.ps1'
[2.047s] INFO:colcon.colcon_core.shell:Creating prefix util module '/home/jcb/dev_ws/articubot_one/install/_local_setup_util_ps1.py'
[2.048s] INFO:colcon.colcon_core.shell:Creating prefix chain script '/home/jcb/dev_ws/articubot_one/install/setup.ps1'
[2.049s] INFO:colcon.colcon_core.shell:Creating prefix script '/home/jcb/dev_ws/articubot_one/install/local_setup.sh'
[2.050s] INFO:colcon.colcon_core.shell:Creating prefix util module '/home/jcb/dev_ws/articubot_one/install/_local_setup_util_sh.py'
[2.050s] INFO:colcon.colcon_core.shell:Creating prefix chain script '/home/jcb/dev_ws/articubot_one/install/setup.sh'
[2.051s] INFO:colcon.colcon_core.shell:Creating prefix script '/home/jcb/dev_ws/articubot_one/install/local_setup.bash'
[2.051s] INFO:colcon.colcon_core.shell:Creating prefix chain script '/home/jcb/dev_ws/articubot_one/install/setup.bash'
[2.052s] INFO:colcon.colcon_core.shell:Creating prefix script '/home/jcb/dev_ws/articubot_one/install/local_setup.zsh'
[2.053s] INFO:colcon.colcon_core.shell:Creating prefix chain script '/home/jcb/dev_ws/articubot_one/install/setup.zsh'
